This is pdfTeX, Version 3.14159265-2.6-1.40.21 (MiKTeX 20.10) (preloaded format=pdflatex 2020.11.4)  3 MAY 2021 05:52
entering extended mode
**./report.tex
(report.tex
LaTeX2e <2020-10-01> patch level 1
L3 programming layer <2020-10-05> xparse <2020-03-03>
(C:\Users\user\AppData\Local\Programs\MiKTeX\tex/latex/base\article.cls
Document Class: article 2020/04/10 v1.4m Standard LaTeX document class
(C:\Users\user\AppData\Local\Programs\MiKTeX\tex/latex/base\size12.clo
File: size12.clo 2020/04/10 v1.4m Standard LaTeX file (size option)
)
\c@part=\count175
\c@section=\count176
\c@subsection=\count177
\c@subsubsection=\count178
\c@paragraph=\count179
\c@subparagraph=\count180
\c@figure=\count181
\c@table=\count182
\abovecaptionskip=\skip47
\belowcaptionskip=\skip48
\bibindent=\dimen138
)
(C:\Users\user\AppData\Local\Programs\MiKTeX\tex/latex/geometry\geometry.sty
Package: geometry 2020/01/02 v5.9 Page Geometry

(C:\Users\user\AppData\Local\Programs\MiKTeX\tex/latex/graphics\keyval.sty
Package: keyval 2014/10/28 v1.15 key=value parser (DPC)
\KV@toks@=\toks15
)
(C:\Users\user\AppData\Local\Programs\MiKTeX\tex/generic/iftex\ifvtex.sty
Package: ifvtex 2019/10/25 v1.7 ifvtex legacy package. Use iftex instead.

(C:\Users\user\AppData\Local\Programs\MiKTeX\tex/generic/iftex\iftex.sty
Package: iftex 2020/03/06 v1.0d TeX engine tests
))
\Gm@cnth=\count183
\Gm@cntv=\count184
\c@Gm@tempcnt=\count185
\Gm@bindingoffset=\dimen139
\Gm@wd@mp=\dimen140
\Gm@odd@mp=\dimen141
\Gm@even@mp=\dimen142
\Gm@layoutwidth=\dimen143
\Gm@layoutheight=\dimen144
\Gm@layouthoffset=\dimen145
\Gm@layoutvoffset=\dimen146
\Gm@dimlist=\toks16

(C:\Users\user\AppData\Local\Programs\MiKTeX\tex/latex/geometry\geometry.cfg))
(C:\Users\user\AppData\Local\Programs\MiKTeX\tex/latex/amsfonts\amsfonts.sty
Package: amsfonts 2013/01/14 v3.01 Basic AMSFonts support
\@emptytoks=\toks17
\symAMSa=\mathgroup4
\symAMSb=\mathgroup5
LaTeX Font Info:    Redeclaring math symbol \hbar on input line 98.
LaTeX Font Info:    Overwriting math alphabet `\mathfrak' in version `bold'
(Font)                  U/euf/m/n --> U/euf/b/n on input line 106.
)
(C:\Users\user\AppData\Local\Programs\MiKTeX\tex/latex/amsmath\amsmath.sty
Package: amsmath 2020/09/23 v2.17i AMS math features
\@mathmargin=\skip49

For additional information on amsmath, use the `?' option.
(C:\Users\user\AppData\Local\Programs\MiKTeX\tex/latex/amsmath\amstext.sty
Package: amstext 2000/06/29 v2.01 AMS text

(C:\Users\user\AppData\Local\Programs\MiKTeX\tex/latex/amsmath\amsgen.sty
File: amsgen.sty 1999/11/30 v2.0 generic functions
\@emptytoks=\toks18
\ex@=\dimen147
))
(C:\Users\user\AppData\Local\Programs\MiKTeX\tex/latex/amsmath\amsbsy.sty
Package: amsbsy 1999/11/29 v1.2d Bold Symbols
\pmbraise@=\dimen148
)
(C:\Users\user\AppData\Local\Programs\MiKTeX\tex/latex/amsmath\amsopn.sty
Package: amsopn 2016/03/08 v2.02 operator names
)
\inf@bad=\count186
LaTeX Info: Redefining \frac on input line 234.
\uproot@=\count187
\leftroot@=\count188
LaTeX Info: Redefining \overline on input line 399.
\classnum@=\count189
\DOTSCASE@=\count190
LaTeX Info: Redefining \ldots on input line 496.
LaTeX Info: Redefining \dots on input line 499.
LaTeX Info: Redefining \cdots on input line 620.
\Mathstrutbox@=\box47
\strutbox@=\box48
\big@size=\dimen149
LaTeX Font Info:    Redeclaring font encoding OML on input line 743.
LaTeX Font Info:    Redeclaring font encoding OMS on input line 744.
\macc@depth=\count191
\c@MaxMatrixCols=\count192
\dotsspace@=\muskip16
\c@parentequation=\count193
\dspbrk@lvl=\count194
\tag@help=\toks19
\row@=\count195
\column@=\count196
\maxfields@=\count197
\andhelp@=\toks20
\eqnshift@=\dimen150
\alignsep@=\dimen151
\tagshift@=\dimen152
\tagwidth@=\dimen153
\totwidth@=\dimen154
\lineht@=\dimen155
\@envbody=\toks21
\multlinegap=\skip50
\multlinetaggap=\skip51
\mathdisplay@stack=\toks22
LaTeX Info: Redefining \[ on input line 2923.
LaTeX Info: Redefining \] on input line 2924.
)
(C:\Users\user\AppData\Local\Programs\MiKTeX\tex/latex/graphics\graphicx.sty
Package: graphicx 2020/09/09 v1.2b Enhanced LaTeX Graphics (DPC,SPQR)

(C:\Users\user\AppData\Local\Programs\MiKTeX\tex/latex/graphics\graphics.sty
Package: graphics 2020/08/30 v1.4c Standard LaTeX Graphics (DPC,SPQR)

(C:\Users\user\AppData\Local\Programs\MiKTeX\tex/latex/graphics\trig.sty
Package: trig 2016/01/03 v1.10 sin cos tan (DPC)
)
(C:\Users\user\AppData\Local\Programs\MiKTeX\tex/latex/graphics-cfg\graphics.cf
g
File: graphics.cfg 2016/06/04 v1.11 sample graphics configuration
)
Package graphics Info: Driver file: pdftex.def on input line 105.

(C:\Users\user\AppData\Local\Programs\MiKTeX\tex/latex/graphics-def\pdftex.def
File: pdftex.def 2020/10/05 v1.2a Graphics/color driver for pdftex
))
\Gin@req@height=\dimen156
\Gin@req@width=\dimen157
)
(C:\Users\user\AppData\Local\Programs\MiKTeX\tex/latex/caption\subcaption.sty
Package: subcaption 2020/10/07 v1.3j Sub-captions (AR)

(C:\Users\user\AppData\Local\Programs\MiKTeX\tex/latex/caption\caption.sty
Package: caption 2020/10/26 v3.5g Customizing captions (AR)

(C:\Users\user\AppData\Local\Programs\MiKTeX\tex/latex/caption\caption3.sty
Package: caption3 2020/10/21 v2.2e caption3 kernel (AR)
\captionmargin=\dimen158
\captionmargin@=\dimen159
\captionwidth=\dimen160
\caption@tempdima=\dimen161
\caption@indent=\dimen162
\caption@parindent=\dimen163
\caption@hangindent=\dimen164
Package caption Info: Standard document class detected.
)
\c@caption@flags=\count198
\c@continuedfloat=\count199
)
\c@subfigure=\count266
\c@subtable=\count267
)
(C:\Users\user\AppData\Local\Programs\MiKTeX\tex/latex/tools\tabularx.sty
Package: tabularx 2020/01/15 v2.11c `tabularx' package (DPC)

(C:\Users\user\AppData\Local\Programs\MiKTeX\tex/latex/tools\array.sty
Package: array 2019/08/31 v2.4l Tabular extension package (FMi)
\col@sep=\dimen165
\ar@mcellbox=\box49
\extrarowheight=\dimen166
\NC@list=\toks23
\extratabsurround=\skip52
\backup@length=\skip53
\ar@cellbox=\box50
)
\TX@col@width=\dimen167
\TX@old@table=\dimen168
\TX@old@col=\dimen169
\TX@target=\dimen170
\TX@delta=\dimen171
\TX@cols=\count268
\TX@ftn=\toks24
)
(C:\Users\user\AppData\Local\Programs\MiKTeX\tex/latex/makecell\makecell.sty
Package: makecell 2009/08/03 V0.1e Managing of Tab Column Heads and Cells
\rotheadsize=\dimen172
\c@nlinenum=\count269
\TeXr@lab=\toks25
)
(C:\Users\user\AppData\Local\Programs\MiKTeX\tex/latex/fira\FiraMono.sty
Package: FiraMono 2019/10/10 (Bob Tennent and autoinst) Style file for Fira Mon
o fonts.

(C:\Users\user\AppData\Local\Programs\MiKTeX\tex/generic/iftex\ifxetex.sty
Package: ifxetex 2019/10/25 v0.7 ifxetex legacy package. Use iftex instead.
)
(C:\Users\user\AppData\Local\Programs\MiKTeX\tex/generic/iftex\ifluatex.sty
Package: ifluatex 2019/10/25 v1.5 ifluatex legacy package. Use iftex instead.
)
(C:\Users\user\AppData\Local\Programs\MiKTeX\tex/latex/xkeyval\xkeyval.sty
Package: xkeyval 2014/12/03 v2.7a package option processing (HA)

(C:\Users\user\AppData\Local\Programs\MiKTeX\tex/generic/xkeyval\xkeyval.tex
(C:\Users\user\AppData\Local\Programs\MiKTeX\tex/generic/xkeyval\xkvutils.tex
\XKV@toks=\toks26
\XKV@tempa@toks=\toks27
)
\XKV@depth=\count270
File: xkeyval.tex 2014/12/03 v2.7a key=value parser (HA)
)) (C:\Users\user\AppData\Local\Programs\MiKTeX\tex/latex/base\textcomp.sty
Package: textcomp 2020/02/02 v2.0n Standard LaTeX package
)
(C:\Users\user\AppData\Local\Programs\MiKTeX\tex/latex/base\fontenc.sty
Package: fontenc 2020/08/10 v2.0s Standard LaTeX package
)
(C:\Users\user\AppData\Local\Programs\MiKTeX\tex/latex/fontaxes\fontaxes.sty
Package: fontaxes 2020/07/21 v1.0e Font selection axes
LaTeX Info: Redefining \upshape on input line 29.
LaTeX Info: Redefining \itshape on input line 31.
LaTeX Info: Redefining \slshape on input line 33.
LaTeX Info: Redefining \swshape on input line 35.
LaTeX Info: Redefining \scshape on input line 37.
LaTeX Info: Redefining \sscshape on input line 39.
LaTeX Info: Redefining \ulcshape on input line 41.
LaTeX Info: Redefining \textsw on input line 47.
LaTeX Info: Redefining \textssc on input line 48.
LaTeX Info: Redefining \textulc on input line 49.
))
(C:\Users\user\AppData\Local\Programs\MiKTeX\tex/latex/listings\listings.sty
\lst@mode=\count271
\lst@gtempboxa=\box51
\lst@token=\toks28
\lst@length=\count272
\lst@currlwidth=\dimen173
\lst@column=\count273
\lst@pos=\count274
\lst@lostspace=\dimen174
\lst@width=\dimen175
\lst@newlines=\count275
\lst@lineno=\count276
\lst@maxwidth=\dimen176

(C:\Users\user\AppData\Local\Programs\MiKTeX\tex/latex/listings\lstmisc.sty
File: lstmisc.sty 2020/03/24 1.8d (Carsten Heinz)
\c@lstnumber=\count277
\lst@skipnumbers=\count278
\lst@framebox=\box52
)
(C:\Users\user\AppData\Local\Programs\MiKTeX\tex/latex/listings\listings.cfg
File: listings.cfg 2020/03/24 1.8d listings configuration
))
Package: listings 2020/03/24 1.8d (Carsten Heinz)

(C:\Users\user\AppData\Local\Programs\MiKTeX\tex/latex/hyperref\hyperref.sty
Package: hyperref 2020-05-15 v7.00e Hypertext links for LaTeX

(C:\Users\user\AppData\Local\Programs\MiKTeX\tex/generic/ltxcmds\ltxcmds.sty
Package: ltxcmds 2020-05-10 v1.25 LaTeX kernel commands for general use (HO)
)
(C:\Users\user\AppData\Local\Programs\MiKTeX\tex/generic/pdftexcmds\pdftexcmds.
sty
Package: pdftexcmds 2020-06-27 v0.33 Utility functions of pdfTeX for LuaTeX (HO
)

(C:\Users\user\AppData\Local\Programs\MiKTeX\tex/generic/infwarerr\infwarerr.st
y
Package: infwarerr 2019/12/03 v1.5 Providing info/warning/error messages (HO)
)
Package pdftexcmds Info: \pdf@primitive is available.
Package pdftexcmds Info: \pdf@ifprimitive is available.
Package pdftexcmds Info: \pdfdraftmode found.
)
(C:\Users\user\AppData\Local\Programs\MiKTeX\tex/generic/kvsetkeys\kvsetkeys.st
y
Package: kvsetkeys 2019/12/15 v1.18 Key value parser (HO)
)
(C:\Users\user\AppData\Local\Programs\MiKTeX\tex/generic/kvdefinekeys\kvdefinek
eys.sty
Package: kvdefinekeys 2019-12-19 v1.6 Define keys (HO)
)
(C:\Users\user\AppData\Local\Programs\MiKTeX\tex/generic/pdfescape\pdfescape.st
y
Package: pdfescape 2019/12/09 v1.15 Implements pdfTeX's escape features (HO)
) (C:\Users\user\AppData\Local\Programs\MiKTeX\tex/latex/hycolor\hycolor.sty
Package: hycolor 2020-01-27 v1.10 Color options for hyperref/bookmark (HO)
)
(C:\Users\user\AppData\Local\Programs\MiKTeX\tex/latex/letltxmacro\letltxmacro.
sty
Package: letltxmacro 2019/12/03 v1.6 Let assignment for LaTeX macros (HO)
) (C:\Users\user\AppData\Local\Programs\MiKTeX\tex/latex/auxhook\auxhook.sty
Package: auxhook 2019-12-17 v1.6 Hooks for auxiliary files (HO)
)
(C:\Users\user\AppData\Local\Programs\MiKTeX\tex/latex/kvoptions\kvoptions.sty
Package: kvoptions 2019/11/29 v3.13 Key value format for package options (HO)
)
\@linkdim=\dimen177
\Hy@linkcounter=\count279
\Hy@pagecounter=\count280
(C:\Users\user\AppData\Local\Programs\MiKTeX\tex/latex/hyperref\pd1enc.def
File: pd1enc.def 2020-05-15 v7.00e Hyperref: PDFDocEncoding definition (HO)
Now handling font encoding PD1 ...
... no UTF-8 mapping file for font encoding PD1
)
(C:\Users\user\AppData\Local\Programs\MiKTeX\tex/generic/intcalc\intcalc.sty
Package: intcalc 2019/12/15 v1.3 Expandable calculations with integers (HO)
)
(C:\Users\user\AppData\Local\Programs\MiKTeX\tex/generic/etexcmds\etexcmds.sty
Package: etexcmds 2019/12/15 v1.7 Avoid name clashes with e-TeX commands (HO)
)
\Hy@SavedSpaceFactor=\count281
Package hyperref Info: Hyper figures OFF on input line 4464.
Package hyperref Info: Link nesting OFF on input line 4469.
Package hyperref Info: Hyper index ON on input line 4472.
Package hyperref Info: Plain pages OFF on input line 4479.
Package hyperref Info: Backreferencing OFF on input line 4484.
Package hyperref Info: Implicit mode ON; LaTeX internals redefined.
Package hyperref Info: Bookmarks ON on input line 4717.
\c@Hy@tempcnt=\count282
(C:\Users\user\AppData\Local\Programs\MiKTeX\tex/latex/url\url.sty
\Urlmuskip=\muskip17
Package: url 2013/09/16  ver 3.4  Verb mode for urls, etc.
)
LaTeX Info: Redefining \url on input line 5076.
\XeTeXLinkMargin=\dimen178

(C:\Users\user\AppData\Local\Programs\MiKTeX\tex/generic/bitset\bitset.sty
Package: bitset 2019/12/09 v1.3 Handle bit-vector datatype (HO)

(C:\Users\user\AppData\Local\Programs\MiKTeX\tex/generic/bigintcalc\bigintcalc.
sty
Package: bigintcalc 2019/12/15 v1.5 Expandable calculations on big integers (HO
)
))
\Fld@menulength=\count283
\Field@Width=\dimen179
\Fld@charsize=\dimen180
Package hyperref Info: Hyper figures OFF on input line 6347.
Package hyperref Info: Link nesting OFF on input line 6352.
Package hyperref Info: Hyper index ON on input line 6355.
Package hyperref Info: backreferencing OFF on input line 6362.
Package hyperref Info: Link coloring OFF on input line 6367.
Package hyperref Info: Link coloring with OCG OFF on input line 6372.
Package hyperref Info: PDF/A mode OFF on input line 6377.
LaTeX Info: Redefining \ref on input line 6417.
LaTeX Info: Redefining \pageref on input line 6421.

(C:\Users\user\AppData\Local\Programs\MiKTeX\tex/latex/base\atbegshi-ltx.sty
Package: atbegshi-ltx 2020/08/17 v1.0a Emulation of the original atbegshi packa
ge
with kernel methods
)
\Hy@abspage=\count284
\c@Item=\count285
\c@Hfootnote=\count286
)
Package hyperref Info: Driver (autodetected): hpdftex.

(C:\Users\user\AppData\Local\Programs\MiKTeX\tex/latex/hyperref\hpdftex.def
File: hpdftex.def 2020-05-15 v7.00e Hyperref driver for pdfTeX

(C:\Users\user\AppData\Local\Programs\MiKTeX\tex/latex/base\atveryend-ltx.sty
Package: atveryend-ltx 2020/08/19 v1.0a Emulation of the original atvery packag
e
with kernel methods
)
\Fld@listcount=\count287
\c@bookmark@seq@number=\count288

(C:\Users\user\AppData\Local\Programs\MiKTeX\tex/latex/rerunfilecheck\rerunfile
check.sty
Package: rerunfilecheck 2019/12/05 v1.9 Rerun checks for auxiliary files (HO)

(C:\Users\user\AppData\Local\Programs\MiKTeX\tex/generic/uniquecounter\uniqueco
unter.sty
Package: uniquecounter 2019/12/15 v1.4 Provide unlimited unique counter (HO)
)
Package uniquecounter Info: New unique counter `rerunfilecheck' on input line 2
86.
)
\Hy@SectionHShift=\skip54
)
Package hyperref Info: Option `colorlinks' set `true' on input line 31.

(C:\Users\user\AppData\Local\Programs\MiKTeX\tex/latex/pgf/frontendlayer\tikz.s
ty
(C:\Users\user\AppData\Local\Programs\MiKTeX\tex/latex/pgf/basiclayer\pgf.sty
(C:\Users\user\AppData\Local\Programs\MiKTeX\tex/latex/pgf/utilities\pgfrcs.sty

(C:\Users\user\AppData\Local\Programs\MiKTeX\tex/generic/pgf/utilities\pgfutil-
common.tex
\pgfutil@everybye=\toks29
\pgfutil@tempdima=\dimen181
\pgfutil@tempdimb=\dimen182

(C:\Users\user\AppData\Local\Programs\MiKTeX\tex/generic/pgf/utilities\pgfutil-
common-lists.tex))
(C:\Users\user\AppData\Local\Programs\MiKTeX\tex/generic/pgf/utilities\pgfutil-
latex.def
\pgfutil@abb=\box53
)
(C:\Users\user\AppData\Local\Programs\MiKTeX\tex/generic/pgf/utilities\pgfrcs.c
ode.tex
(C:\Users\user\AppData\Local\Programs\MiKTeX\tex/generic/pgf\pgf.revision.tex)
Package: pgfrcs 2020/10/01 v3.1.6a (3.1.6a)
))
Package: pgf 2020/10/01 v3.1.6a (3.1.6a)

(C:\Users\user\AppData\Local\Programs\MiKTeX\tex/latex/pgf/basiclayer\pgfcore.s
ty
(C:\Users\user\AppData\Local\Programs\MiKTeX\tex/latex/pgf/systemlayer\pgfsys.s
ty
(C:\Users\user\AppData\Local\Programs\MiKTeX\tex/generic/pgf/systemlayer\pgfsys
.code.tex
Package: pgfsys 2020/10/01 v3.1.6a (3.1.6a)

(C:\Users\user\AppData\Local\Programs\MiKTeX\tex/generic/pgf/utilities\pgfkeys.
code.tex
\pgfkeys@pathtoks=\toks30
\pgfkeys@temptoks=\toks31

(C:\Users\user\AppData\Local\Programs\MiKTeX\tex/generic/pgf/utilities\pgfkeysf
iltered.code.tex
\pgfkeys@tmptoks=\toks32
))
\pgf@x=\dimen183
\pgf@y=\dimen184
\pgf@xa=\dimen185
\pgf@ya=\dimen186
\pgf@xb=\dimen187
\pgf@yb=\dimen188
\pgf@xc=\dimen189
\pgf@yc=\dimen190
\pgf@xd=\dimen191
\pgf@yd=\dimen192
\w@pgf@writea=\write3
\r@pgf@reada=\read2
\c@pgf@counta=\count289
\c@pgf@countb=\count290
\c@pgf@countc=\count291
\c@pgf@countd=\count292
\t@pgf@toka=\toks33
\t@pgf@tokb=\toks34
\t@pgf@tokc=\toks35
\pgf@sys@id@count=\count293

(C:\Users\user\AppData\Local\Programs\MiKTeX\tex/generic/pgf/systemlayer\pgf.cf
g
File: pgf.cfg 2020/10/01 v3.1.6a (3.1.6a)
)
Driver file for pgf: pgfsys-pdftex.def

(C:\Users\user\AppData\Local\Programs\MiKTeX\tex/generic/pgf/systemlayer\pgfsys
-pdftex.def
File: pgfsys-pdftex.def 2020/10/01 v3.1.6a (3.1.6a)

(C:\Users\user\AppData\Local\Programs\MiKTeX\tex/generic/pgf/systemlayer\pgfsys
-common-pdf.def
File: pgfsys-common-pdf.def 2020/10/01 v3.1.6a (3.1.6a)
)))
(C:\Users\user\AppData\Local\Programs\MiKTeX\tex/generic/pgf/systemlayer\pgfsys
softpath.code.tex
File: pgfsyssoftpath.code.tex 2020/10/01 v3.1.6a (3.1.6a)
\pgfsyssoftpath@smallbuffer@items=\count294
\pgfsyssoftpath@bigbuffer@items=\count295
)
(C:\Users\user\AppData\Local\Programs\MiKTeX\tex/generic/pgf/systemlayer\pgfsys
protocol.code.tex
File: pgfsysprotocol.code.tex 2020/10/01 v3.1.6a (3.1.6a)
))
(C:\Users\user\AppData\Local\Programs\MiKTeX\tex/latex/xcolor\xcolor.sty
Package: xcolor 2016/05/11 v2.12 LaTeX color extensions (UK)

(C:\Users\user\AppData\Local\Programs\MiKTeX\tex/latex/graphics-cfg\color.cfg
File: color.cfg 2016/01/02 v1.6 sample color configuration
)
Package xcolor Info: Driver file: pdftex.def on input line 225.
Package xcolor Info: Model `cmy' substituted by `cmy0' on input line 1348.
Package xcolor Info: Model `hsb' substituted by `rgb' on input line 1352.
Package xcolor Info: Model `RGB' extended on input line 1364.
Package xcolor Info: Model `HTML' substituted by `rgb' on input line 1366.
Package xcolor Info: Model `Hsb' substituted by `hsb' on input line 1367.
Package xcolor Info: Model `tHsb' substituted by `hsb' on input line 1368.
Package xcolor Info: Model `HSB' substituted by `hsb' on input line 1369.
Package xcolor Info: Model `Gray' substituted by `gray' on input line 1370.
Package xcolor Info: Model `wave' substituted by `hsb' on input line 1371.
)
(C:\Users\user\AppData\Local\Programs\MiKTeX\tex/generic/pgf/basiclayer\pgfcore
.code.tex
Package: pgfcore 2020/10/01 v3.1.6a (3.1.6a)

(C:\Users\user\AppData\Local\Programs\MiKTeX\tex/generic/pgf/math\pgfmath.code.
tex
(C:\Users\user\AppData\Local\Programs\MiKTeX\tex/generic/pgf/math\pgfmathcalc.c
ode.tex
(C:\Users\user\AppData\Local\Programs\MiKTeX\tex/generic/pgf/math\pgfmathutil.c
ode.tex)
(C:\Users\user\AppData\Local\Programs\MiKTeX\tex/generic/pgf/math\pgfmathparser
.code.tex
\pgfmath@dimen=\dimen193
\pgfmath@count=\count296
\pgfmath@box=\box54
\pgfmath@toks=\toks36
\pgfmath@stack@operand=\toks37
\pgfmath@stack@operation=\toks38
)
(C:\Users\user\AppData\Local\Programs\MiKTeX\tex/generic/pgf/math\pgfmathfuncti
ons.code.tex
(C:\Users\user\AppData\Local\Programs\MiKTeX\tex/generic/pgf/math\pgfmathfuncti
ons.basic.code.tex)
(C:\Users\user\AppData\Local\Programs\MiKTeX\tex/generic/pgf/math\pgfmathfuncti
ons.trigonometric.code.tex)
(C:\Users\user\AppData\Local\Programs\MiKTeX\tex/generic/pgf/math\pgfmathfuncti
ons.random.code.tex)
(C:\Users\user\AppData\Local\Programs\MiKTeX\tex/generic/pgf/math\pgfmathfuncti
ons.comparison.code.tex)
(C:\Users\user\AppData\Local\Programs\MiKTeX\tex/generic/pgf/math\pgfmathfuncti
ons.base.code.tex)
(C:\Users\user\AppData\Local\Programs\MiKTeX\tex/generic/pgf/math\pgfmathfuncti
ons.round.code.tex)
(C:\Users\user\AppData\Local\Programs\MiKTeX\tex/generic/pgf/math\pgfmathfuncti
ons.misc.code.tex)
(C:\Users\user\AppData\Local\Programs\MiKTeX\tex/generic/pgf/math\pgfmathfuncti
ons.integerarithmetics.code.tex)))
(C:\Users\user\AppData\Local\Programs\MiKTeX\tex/generic/pgf/math\pgfmathfloat.
code.tex
\c@pgfmathroundto@lastzeros=\count297
))
(C:\Users\user\AppData\Local\Programs\MiKTeX\tex/generic/pgf/math\pgfint.code.t
ex)
(C:\Users\user\AppData\Local\Programs\MiKTeX\tex/generic/pgf/basiclayer\pgfcore
points.code.tex
File: pgfcorepoints.code.tex 2020/10/01 v3.1.6a (3.1.6a)
\pgf@picminx=\dimen194
\pgf@picmaxx=\dimen195
\pgf@picminy=\dimen196
\pgf@picmaxy=\dimen197
\pgf@pathminx=\dimen198
\pgf@pathmaxx=\dimen199
\pgf@pathminy=\dimen256
\pgf@pathmaxy=\dimen257
\pgf@xx=\dimen258
\pgf@xy=\dimen259
\pgf@yx=\dimen260
\pgf@yy=\dimen261
\pgf@zx=\dimen262
\pgf@zy=\dimen263
)
(C:\Users\user\AppData\Local\Programs\MiKTeX\tex/generic/pgf/basiclayer\pgfcore
pathconstruct.code.tex
File: pgfcorepathconstruct.code.tex 2020/10/01 v3.1.6a (3.1.6a)
\pgf@path@lastx=\dimen264
\pgf@path@lasty=\dimen265
)
(C:\Users\user\AppData\Local\Programs\MiKTeX\tex/generic/pgf/basiclayer\pgfcore
pathusage.code.tex
File: pgfcorepathusage.code.tex 2020/10/01 v3.1.6a (3.1.6a)
\pgf@shorten@end@additional=\dimen266
\pgf@shorten@start@additional=\dimen267
)
(C:\Users\user\AppData\Local\Programs\MiKTeX\tex/generic/pgf/basiclayer\pgfcore
scopes.code.tex
File: pgfcorescopes.code.tex 2020/10/01 v3.1.6a (3.1.6a)
\pgfpic=\box55
\pgf@hbox=\box56
\pgf@layerbox@main=\box57
\pgf@picture@serial@count=\count298
)
(C:\Users\user\AppData\Local\Programs\MiKTeX\tex/generic/pgf/basiclayer\pgfcore
graphicstate.code.tex
File: pgfcoregraphicstate.code.tex 2020/10/01 v3.1.6a (3.1.6a)
\pgflinewidth=\dimen268
)
(C:\Users\user\AppData\Local\Programs\MiKTeX\tex/generic/pgf/basiclayer\pgfcore
transformations.code.tex
File: pgfcoretransformations.code.tex 2020/10/01 v3.1.6a (3.1.6a)
\pgf@pt@x=\dimen269
\pgf@pt@y=\dimen270
\pgf@pt@temp=\dimen271
)
(C:\Users\user\AppData\Local\Programs\MiKTeX\tex/generic/pgf/basiclayer\pgfcore
quick.code.tex
File: pgfcorequick.code.tex 2020/10/01 v3.1.6a (3.1.6a)
)
(C:\Users\user\AppData\Local\Programs\MiKTeX\tex/generic/pgf/basiclayer\pgfcore
objects.code.tex
File: pgfcoreobjects.code.tex 2020/10/01 v3.1.6a (3.1.6a)
)
(C:\Users\user\AppData\Local\Programs\MiKTeX\tex/generic/pgf/basiclayer\pgfcore
pathprocessing.code.tex
File: pgfcorepathprocessing.code.tex 2020/10/01 v3.1.6a (3.1.6a)
)
(C:\Users\user\AppData\Local\Programs\MiKTeX\tex/generic/pgf/basiclayer\pgfcore
arrows.code.tex
File: pgfcorearrows.code.tex 2020/10/01 v3.1.6a (3.1.6a)
\pgfarrowsep=\dimen272
)
(C:\Users\user\AppData\Local\Programs\MiKTeX\tex/generic/pgf/basiclayer\pgfcore
shade.code.tex
File: pgfcoreshade.code.tex 2020/10/01 v3.1.6a (3.1.6a)
\pgf@max=\dimen273
\pgf@sys@shading@range@num=\count299
\pgf@shadingcount=\count300
)
(C:\Users\user\AppData\Local\Programs\MiKTeX\tex/generic/pgf/basiclayer\pgfcore
image.code.tex
File: pgfcoreimage.code.tex 2020/10/01 v3.1.6a (3.1.6a)

(C:\Users\user\AppData\Local\Programs\MiKTeX\tex/generic/pgf/basiclayer\pgfcore
external.code.tex
File: pgfcoreexternal.code.tex 2020/10/01 v3.1.6a (3.1.6a)
\pgfexternal@startupbox=\box58
))
(C:\Users\user\AppData\Local\Programs\MiKTeX\tex/generic/pgf/basiclayer\pgfcore
layers.code.tex
File: pgfcorelayers.code.tex 2020/10/01 v3.1.6a (3.1.6a)
)
(C:\Users\user\AppData\Local\Programs\MiKTeX\tex/generic/pgf/basiclayer\pgfcore
transparency.code.tex
File: pgfcoretransparency.code.tex 2020/10/01 v3.1.6a (3.1.6a)
)
(C:\Users\user\AppData\Local\Programs\MiKTeX\tex/generic/pgf/basiclayer\pgfcore
patterns.code.tex
File: pgfcorepatterns.code.tex 2020/10/01 v3.1.6a (3.1.6a)
)
(C:\Users\user\AppData\Local\Programs\MiKTeX\tex/generic/pgf/basiclayer\pgfcore
rdf.code.tex
File: pgfcorerdf.code.tex 2020/10/01 v3.1.6a (3.1.6a)
)))
(C:\Users\user\AppData\Local\Programs\MiKTeX\tex/generic/pgf/modules\pgfmodules
hapes.code.tex
File: pgfmoduleshapes.code.tex 2020/10/01 v3.1.6a (3.1.6a)
\pgfnodeparttextbox=\box59
)
(C:\Users\user\AppData\Local\Programs\MiKTeX\tex/generic/pgf/modules\pgfmodulep
lot.code.tex
File: pgfmoduleplot.code.tex 2020/10/01 v3.1.6a (3.1.6a)
)
(C:\Users\user\AppData\Local\Programs\MiKTeX\tex/latex/pgf/compatibility\pgfcom
p-version-0-65.sty
Package: pgfcomp-version-0-65 2020/10/01 v3.1.6a (3.1.6a)
\pgf@nodesepstart=\dimen274
\pgf@nodesepend=\dimen275
)
(C:\Users\user\AppData\Local\Programs\MiKTeX\tex/latex/pgf/compatibility\pgfcom
p-version-1-18.sty
Package: pgfcomp-version-1-18 2020/10/01 v3.1.6a (3.1.6a)
))
(C:\Users\user\AppData\Local\Programs\MiKTeX\tex/latex/pgf/utilities\pgffor.sty

(C:\Users\user\AppData\Local\Programs\MiKTeX\tex/latex/pgf/utilities\pgfkeys.st
y
(C:\Users\user\AppData\Local\Programs\MiKTeX\tex/generic/pgf/utilities\pgfkeys.
code.tex))
(C:\Users\user\AppData\Local\Programs\MiKTeX\tex/latex/pgf/math\pgfmath.sty
(C:\Users\user\AppData\Local\Programs\MiKTeX\tex/generic/pgf/math\pgfmath.code.
tex))
(C:\Users\user\AppData\Local\Programs\MiKTeX\tex/generic/pgf/utilities\pgffor.c
ode.tex
Package: pgffor 2020/10/01 v3.1.6a (3.1.6a)

(C:\Users\user\AppData\Local\Programs\MiKTeX\tex/generic/pgf/math\pgfmath.code.
tex)
\pgffor@iter=\dimen276
\pgffor@skip=\dimen277
\pgffor@stack=\toks39
\pgffor@toks=\toks40
))
(C:\Users\user\AppData\Local\Programs\MiKTeX\tex/generic/pgf/frontendlayer/tikz
\tikz.code.tex
Package: tikz 2020/10/01 v3.1.6a (3.1.6a)

(C:\Users\user\AppData\Local\Programs\MiKTeX\tex/generic/pgf/libraries\pgflibra
ryplothandlers.code.tex
File: pgflibraryplothandlers.code.tex 2020/10/01 v3.1.6a (3.1.6a)
\pgf@plot@mark@count=\count301
\pgfplotmarksize=\dimen278
)
\tikz@lastx=\dimen279
\tikz@lasty=\dimen280
\tikz@lastxsaved=\dimen281
\tikz@lastysaved=\dimen282
\tikz@lastmovetox=\dimen283
\tikz@lastmovetoy=\dimen284
\tikzleveldistance=\dimen285
\tikzsiblingdistance=\dimen286
\tikz@figbox=\box60
\tikz@figbox@bg=\box61
\tikz@tempbox=\box62
\tikz@tempbox@bg=\box63
\tikztreelevel=\count302
\tikznumberofchildren=\count303
\tikznumberofcurrentchild=\count304
\tikz@fig@count=\count305

(C:\Users\user\AppData\Local\Programs\MiKTeX\tex/generic/pgf/modules\pgfmodulem
atrix.code.tex
File: pgfmodulematrix.code.tex 2020/10/01 v3.1.6a (3.1.6a)
\pgfmatrixcurrentrow=\count306
\pgfmatrixcurrentcolumn=\count307
\pgf@matrix@numberofcolumns=\count308
)
\tikz@expandcount=\count309

(C:\Users\user\AppData\Local\Programs\MiKTeX\tex/generic/pgf/frontendlayer/tikz
/libraries\tikzlibrarytopaths.code.tex
File: tikzlibrarytopaths.code.tex 2020/10/01 v3.1.6a (3.1.6a)
)))
(C:\Users\user\AppData\Local\Programs\MiKTeX\tex/generic/pgf/frontendlayer/tikz
/libraries\tikzlibraryshapes.geometric.code.tex
File: tikzlibraryshapes.geometric.code.tex 2020/10/01 v3.1.6a (3.1.6a)

(C:\Users\user\AppData\Local\Programs\MiKTeX\tex/generic/pgf/libraries/shapes\p
gflibraryshapes.geometric.code.tex
File: pgflibraryshapes.geometric.code.tex 2020/10/01 v3.1.6a (3.1.6a)
))
(C:\Users\user\AppData\Local\Programs\MiKTeX\tex/generic/pgf/frontendlayer/tikz
/libraries\tikzlibraryarrows.code.tex
File: tikzlibraryarrows.code.tex 2020/10/01 v3.1.6a (3.1.6a)

(C:\Users\user\AppData\Local\Programs\MiKTeX\tex/generic/pgf/libraries\pgflibra
ryarrows.code.tex
File: pgflibraryarrows.code.tex 2020/10/01 v3.1.6a (3.1.6a)
\arrowsize=\dimen287
))
(C:\Users\user\AppData\Local\Programs\MiKTeX\tex/latex/l3backend\l3backend-pdft
ex.def
File: l3backend-pdftex.def 2020-09-24 L3 backend support: PDF output (pdfTeX)
\l__kernel_color_stack_int=\count310
\l__pdf_internal_box=\box64
) (report.aux

LaTeX Warning: Label `fig:sub1' multiply defined.


LaTeX Warning: Label `sub@fig:sub1' multiply defined.


LaTeX Warning: Label `fig:sub2' multiply defined.


LaTeX Warning: Label `sub@fig:sub2' multiply defined.


LaTeX Warning: Label `fig:sub1' multiply defined.


LaTeX Warning: Label `sub@fig:sub1' multiply defined.


LaTeX Warning: Label `fig:sub2' multiply defined.


LaTeX Warning: Label `sub@fig:sub2' multiply defined.


LaTeX Warning: Label `fig:sub1' multiply defined.


LaTeX Warning: Label `sub@fig:sub1' multiply defined.


LaTeX Warning: Label `fig:sub2' multiply defined.


LaTeX Warning: Label `sub@fig:sub2' multiply defined.


LaTeX Warning: Label `fig:sub2' multiply defined.


LaTeX Warning: Label `sub@fig:sub2' multiply defined.


LaTeX Warning: Label `fig:sub1' multiply defined.


LaTeX Warning: Label `sub@fig:sub1' multiply defined.


LaTeX Warning: Label `fig:sub2' multiply defined.


LaTeX Warning: Label `sub@fig:sub2' multiply defined.


LaTeX Warning: Label `fig:sub3' multiply defined.


LaTeX Warning: Label `sub@fig:sub3' multiply defined.


LaTeX Warning: Label `fig:sub4' multiply defined.


LaTeX Warning: Label `sub@fig:sub4' multiply defined.


LaTeX Warning: Label `fig:sub1' multiply defined.


LaTeX Warning: Label `sub@fig:sub1' multiply defined.


LaTeX Warning: Label `fig:sub2' multiply defined.


LaTeX Warning: Label `sub@fig:sub2' multiply defined.


LaTeX Warning: Label `fig:sub3' multiply defined.


LaTeX Warning: Label `sub@fig:sub3' multiply defined.


LaTeX Warning: Label `fig:sub4' multiply defined.


LaTeX Warning: Label `sub@fig:sub4' multiply defined.


LaTeX Warning: Label `fig:sub3' multiply defined.


LaTeX Warning: Label `sub@fig:sub3' multiply defined.


LaTeX Warning: Label `fig:sub4' multiply defined.


LaTeX Warning: Label `sub@fig:sub4' multiply defined.


LaTeX Warning: Label `fig:sub1' multiply defined.


LaTeX Warning: Label `sub@fig:sub1' multiply defined.


LaTeX Warning: Label `fig:sub2' multiply defined.


LaTeX Warning: Label `sub@fig:sub2' multiply defined.


LaTeX Warning: Label `fig:sub3' multiply defined.


LaTeX Warning: Label `sub@fig:sub3' multiply defined.


LaTeX Warning: Label `fig:sub4' multiply defined.


LaTeX Warning: Label `sub@fig:sub4' multiply defined.

)
\openout1 = `report.aux'.

LaTeX Font Info:    Checking defaults for OML/cmm/m/it on input line 37.
LaTeX Font Info:    ... okay on input line 37.
LaTeX Font Info:    Checking defaults for OMS/cmsy/m/n on input line 37.
LaTeX Font Info:    ... okay on input line 37.
LaTeX Font Info:    Checking defaults for OT1/cmr/m/n on input line 37.
LaTeX Font Info:    ... okay on input line 37.
LaTeX Font Info:    Checking defaults for T1/cmr/m/n on input line 37.
LaTeX Font Info:    ... okay on input line 37.
LaTeX Font Info:    Checking defaults for TS1/cmr/m/n on input line 37.
LaTeX Font Info:    ... okay on input line 37.
LaTeX Font Info:    Checking defaults for OMX/cmex/m/n on input line 37.
LaTeX Font Info:    ... okay on input line 37.
LaTeX Font Info:    Checking defaults for U/cmr/m/n on input line 37.
LaTeX Font Info:    ... okay on input line 37.
LaTeX Font Info:    Checking defaults for PD1/pdf/m/n on input line 37.
LaTeX Font Info:    ... okay on input line 37.

*geometry* driver: auto-detecting
*geometry* detected driver: pdftex
*geometry* verbose mode - [ preamble ] result:
* driver: pdftex
* paper: a4paper
* layout: <same size as paper>
* layoutoffset:(h,v)=(0.0pt,0.0pt)
* modes: 
* h-part:(L,W,R)=(56.9055pt, 483.69684pt, 56.90553pt)
* v-part:(T,H,B)=(56.9055pt, 731.23582pt, 56.90552pt)
* \paperwidth=597.50787pt
* \paperheight=845.04684pt
* \textwidth=483.69684pt
* \textheight=731.23582pt
* \oddsidemargin=-15.36449pt
* \evensidemargin=-15.36449pt
* \topmargin=-52.36449pt
* \headheight=12.0pt
* \headsep=25.0pt
* \topskip=12.0pt
* \footskip=30.0pt
* \marginparwidth=44.0pt
* \marginparsep=10.0pt
* \columnsep=10.0pt
* \skip\footins=10.8pt plus 4.0pt minus 2.0pt
* \hoffset=0.0pt
* \voffset=0.0pt
* \mag=1000
* \@twocolumnfalse
* \@twosidefalse
* \@mparswitchfalse
* \@reversemarginfalse
* (1in=72.27pt=25.4mm, 1cm=28.453pt)


(C:\Users\user\AppData\Local\Programs\MiKTeX\tex/context/base/mkii\supp-pdf.mki
i
[Loading MPS to PDF converter (version 2006.09.02).]
\scratchcounter=\count311
\scratchdimen=\dimen288
\scratchbox=\box65
\nofMPsegments=\count312
\nofMParguments=\count313
\everyMPshowfont=\toks41
\MPscratchCnt=\count314
\MPscratchDim=\dimen289
\MPnumerator=\count315
\makeMPintoPDFobject=\count316
\everyMPtoPDFconversion=\toks42
)
(C:\Users\user\AppData\Local\Programs\MiKTeX\tex/latex/epstopdf-pkg\epstopdf-ba
se.sty
Package: epstopdf-base 2020-01-24 v2.11 Base part for package epstopdf
Package epstopdf-base Info: Redefining graphics rule for `.eps' on input line 4
85.
)
Package caption Info: Begin \AtBeginDocument code.
Package caption Info: hyperref package is loaded.
Package caption Info: listings package is loaded.
Package caption Info: End \AtBeginDocument code.
\c@mv@tabular=\count317
\c@mv@boldtabular=\count318
\c@lstlisting=\count319
Package hyperref Info: Link coloring ON on input line 37.

(C:\Users\user\AppData\Local\Programs\MiKTeX\tex/latex/hyperref\nameref.sty
Package: nameref 2019/09/16 v2.46 Cross-referencing by name of section

(C:\Users\user\AppData\Local\Programs\MiKTeX\tex/latex/refcount\refcount.sty
Package: refcount 2019/12/15 v3.6 Data extraction from label references (HO)
)
(C:\Users\user\AppData\Local\Programs\MiKTeX\tex/generic/gettitlestring\gettitl
estring.sty
Package: gettitlestring 2019/12/15 v1.6 Cleanup title references (HO)
)
\c@section@level=\count320
)
LaTeX Info: Redefining \ref on input line 37.
LaTeX Info: Redefining \pageref on input line 37.
LaTeX Info: Redefining \nameref on input line 37.
 (report.out) (report.out)
\@outlinefile=\write4
\openout4 = `report.out'.

<C:/Users/user/Desktop/KUL - Mstat/Big Data Platforms and Technologies/report/g
raph/KUL.png, id=98, 1204.5pt x 434.62375pt>
File: C:/Users/user/Desktop/KUL - Mstat/Big Data Platforms and Technologies/rep
ort/graph/KUL.png Graphic file (type png)
<use C:/Users/user/Desktop/KUL - Mstat/Big Data Platforms and Technologies/repo
rt/graph/KUL.png>
Package pdftex.def Info: C:/Users/user/Desktop/KUL - Mstat/Big Data Platforms a
nd Technologies/report/graph/KUL.png  used on input line 41.
(pdftex.def)             Requested size: 193.47577pt x 69.81311pt.
 [1

{C:/Users/user/AppData/Local/MiKTeX/pdftex/config/pdftex.map} <C:/Users/user/De
sktop/KUL - Mstat/Big Data Platforms and Technologies/report/graph/KUL.png>] (r
eport.toc
LaTeX Font Info:    Trying to load font information for U+msa on input line 2.

(C:\Users\user\AppData\Local\Programs\MiKTeX\tex/latex/amsfonts\umsa.fd
File: umsa.fd 2013/01/14 v3.01 AMS symbols A
)
LaTeX Font Info:    Trying to load font information for U+msb on input line 2.

(C:\Users\user\AppData\Local\Programs\MiKTeX\tex/latex/amsfonts\umsb.fd
File: umsb.fd 2013/01/14 v3.01 AMS symbols B
))
\tf@toc=\write5
\openout5 = `report.toc'.

pdfTeX warning (ext4): destination with the same identifier (name{page.1}) has 
been already used, duplicate ignored
<to be read again> 
                   \relax 
l.66 \newpage
              [1]
LaTeX Font Info:    Trying to load font information for OT1+FiraMono-TOsF on in
put line 80.

(C:\Users\user\AppData\Local\Programs\MiKTeX\tex/latex/fira\ot1firamono-tosf.fd
File: OT1FiraMono-TOsF.fd 2019/10/10 (autoinst) Font definitions for OT1/FiraMo
no-TOsF.
)
LaTeX Font Info:    Font shape `OT1/FiraMono-TOsF/m/n' in size <12> not availab
le
(Font)              Font shape `OT1/FiraMono-TOsF/regular/n' tried instead on i
nput line 80.
LaTeX Font Info:    Font shape `OT1/FiraMono-TOsF/regular/n' will be
(Font)              scaled to size 10.20007pt on input line 80.
<C:/Users/user/Desktop/KUL - Mstat/Big Data Platforms and Technologies/report/g
raph/missing_value_plt1.png, id=136, 629.35126pt x 532.99126pt>
File: C:/Users/user/Desktop/KUL - Mstat/Big Data Platforms and Technologies/rep
ort/graph/missing_value_plt1.png Graphic file (type png)
<use C:/Users/user/Desktop/KUL - Mstat/Big Data Platforms and Technologies/repo
rt/graph/missing_value_plt1.png>
Package pdftex.def Info: C:/Users/user/Desktop/KUL - Mstat/Big Data Platforms a
nd Technologies/report/graph/missing_value_plt1.png  used on input line 84.
(pdftex.def)             Requested size: 483.69684pt x 409.64006pt.
<C:/Users/user/Desktop/KUL - Mstat/Big Data Platforms and Technologies/report/g
raph/missing_value_plt2.png, id=137, 1561.835pt x 742.775pt>
File: C:/Users/user/Desktop/KUL - Mstat/Big Data Platforms and Technologies/rep
ort/graph/missing_value_plt2.png Graphic file (type png)
<use C:/Users/user/Desktop/KUL - Mstat/Big Data Platforms and Technologies/repo
rt/graph/missing_value_plt2.png>
Package pdftex.def Info: C:/Users/user/Desktop/KUL - Mstat/Big Data Platforms a
nd Technologies/report/graph/missing_value_plt2.png  used on input line 90.
(pdftex.def)             Requested size: 483.69684pt x 230.03119pt.


LaTeX Warning: `h' float specifier changed to `ht'.


Overfull \hbox (35.57364pt too wide) in paragraph at lines 97--98
\OT1/cmr/m/n/12 date: \OT1/FiraMono-TOsF/regular/n/12 claim[]date[]registered\O
T1/cmr/m/n/12 , \OT1/FiraMono-TOsF/regular/n/12 claim[]date[]occured\OT1/cmr/m/
n/12 , \OT1/FiraMono-TOsF/regular/n/12 claim[]vehicle[]date[]inuse\OT1/cmr/m/n/
12 , \OT1/FiraMono-TOsF/regular/n/12 policy[]date[]start\OT1/cmr/m/n/12 ,
 []


Underfull \hbox (badness 10000) in paragraph at lines 97--98

 []

[2 <C:/Users/user/Desktop/KUL - Mstat/Big Data Platforms and Technologies/repor
t/graph/missing_value_plt1.png>]
Overfull \hbox (3.19695pt too wide) in paragraph at lines 99--100
\OT1/cmr/m/n/12 fea-tures. They are \OT1/FiraMono-TOsF/regular/n/12 policy[]hol
der[]year[]birth\OT1/cmr/m/n/12 , \OT1/FiraMono-TOsF/regular/n/12 driver[]year[
]birth\OT1/cmr/m/n/12 , \OT1/FiraMono-TOsF/regular/n/12 third[]party[]1[]year[]
birth\OT1/cmr/m/n/12 ,
 []


Underfull \hbox (badness 1389) in paragraph at lines 106--107
[]|\OT1/cmr/m/n/12 The num-ber of days be-tween \OT1/FiraMono-TOsF/regular/n/12
 claim[]date[]registered \OT1/cmr/m/n/12 and
 []


Underfull \hbox (badness 6236) in paragraph at lines 108--109
[]|\OT1/cmr/m/n/12 The num-ber of days be-tween \OT1/FiraMono-TOsF/regular/n/12
 claim[]date[]occured \OT1/cmr/m/n/12 and
 []


Overfull \hbox (9.18616pt too wide) in paragraph at lines 102--117
[][] 
 []

[3 <C:/Users/user/Desktop/KUL - Mstat/Big Data Platforms and Technologies/repor
t/graph/missing_value_plt2.png>]
<C:/Users/user/Desktop/KUL - Mstat/Big Data Platforms and Technologies/report/g
raph/data_quality_issue.png, id=153, 440.24475pt x 120.45pt>
File: C:/Users/user/Desktop/KUL - Mstat/Big Data Platforms and Technologies/rep
ort/graph/data_quality_issue.png Graphic file (type png)
<use C:/Users/user/Desktop/KUL - Mstat/Big Data Platforms and Technologies/repo
rt/graph/data_quality_issue.png>
Package pdftex.def Info: C:/Users/user/Desktop/KUL - Mstat/Big Data Platforms a
nd Technologies/report/graph/data_quality_issue.png  used on input line 128.
(pdftex.def)             Requested size: 483.69684pt x 132.34468pt.
<C:/Users/user/Desktop/KUL - Mstat/Big Data Platforms and Technologies/report/g
raph/dist_driver_age.png, id=154, 448.7967pt x 276.7941pt>
File: C:/Users/user/Desktop/KUL - Mstat/Big Data Platforms and Technologies/rep
ort/graph/dist_driver_age.png Graphic file (type png)
<use C:/Users/user/Desktop/KUL - Mstat/Big Data Platforms and Technologies/repo
rt/graph/dist_driver_age.png>
Package pdftex.def Info: C:/Users/user/Desktop/KUL - Mstat/Big Data Platforms a
nd Technologies/report/graph/dist_driver_age.png  used on input line 143.
(pdftex.def)             Requested size: 241.84842pt x 149.16248pt.
<C:/Users/user/Desktop/KUL - Mstat/Big Data Platforms and Technologies/report/g
raph/dist_policy_holder_age.png, id=155, 448.7967pt x 276.7941pt>
File: C:/Users/user/Desktop/KUL - Mstat/Big Data Platforms and Technologies/rep
ort/graph/dist_policy_holder_age.png Graphic file (type png)
<use C:/Users/user/Desktop/KUL - Mstat/Big Data Platforms and Technologies/repo
rt/graph/dist_policy_holder_age.png>
Package pdftex.def Info: C:/Users/user/Desktop/KUL - Mstat/Big Data Platforms a
nd Technologies/report/graph/dist_policy_holder_age.png  used on input line 148
.
(pdftex.def)             Requested size: 241.84842pt x 149.16248pt.
<C:/Users/user/Desktop/KUL - Mstat/Big Data Platforms and Technologies/report/g
raph/dist_third_party_1_age.png, id=156, 443.256pt x 276.7941pt>
File: C:/Users/user/Desktop/KUL - Mstat/Big Data Platforms and Technologies/rep
ort/graph/dist_third_party_1_age.png Graphic file (type png)
<use C:/Users/user/Desktop/KUL - Mstat/Big Data Platforms and Technologies/repo
rt/graph/dist_third_party_1_age.png>
Package pdftex.def Info: C:/Users/user/Desktop/KUL - Mstat/Big Data Platforms a
nd Technologies/report/graph/dist_third_party_1_age.png  used on input line 154
.
(pdftex.def)             Requested size: 241.84842pt x 151.02505pt.
<C:/Users/user/Desktop/KUL - Mstat/Big Data Platforms and Technologies/report/g
raph/dist_third_party_2_age.png, id=157, 437.7153pt x 276.7941pt>
File: C:/Users/user/Desktop/KUL - Mstat/Big Data Platforms and Technologies/rep
ort/graph/dist_third_party_2_age.png Graphic file (type png)
<use C:/Users/user/Desktop/KUL - Mstat/Big Data Platforms and Technologies/repo
rt/graph/dist_third_party_2_age.png>
Package pdftex.def Info: C:/Users/user/Desktop/KUL - Mstat/Big Data Platforms a
nd Technologies/report/graph/dist_third_party_2_age.png  used on input line 159
.
(pdftex.def)             Requested size: 241.84842pt x 152.93832pt.
 [4 <C:/Users/user/Desktop/KUL - Mstat/Big Data Platforms and Technologies/repo
rt/graph/data_quality_issue.png> <C:/Users/user/Desktop/KUL - Mstat/Big Data Pl
atforms and Technologies/report/graph/dist_driver_age.png> <C:/Users/user/Deskt
op/KUL - Mstat/Big Data Platforms and Technologies/report/graph/dist_policy_hol
der_age.png> <C:/Users/user/Desktop/KUL - Mstat/Big Data Platforms and Technolo
gies/report/graph/dist_third_party_1_age.png> <C:/Users/user/Desktop/KUL - Msta
t/Big Data Platforms and Technologies/report/graph/dist_third_party_2_age.png>]
<C:/Users/user/Desktop/KUL - Mstat/Big Data Platforms and Technologies/report/g
raph/one_dim_kmeans.png, id=171, 508.7808pt x 336.5373pt>
File: C:/Users/user/Desktop/KUL - Mstat/Big Data Platforms and Technologies/rep
ort/graph/one_dim_kmeans.png Graphic file (type png)
<use C:/Users/user/Desktop/KUL - Mstat/Big Data Platforms and Technologies/repo
rt/graph/one_dim_kmeans.png>
Package pdftex.def Info: C:/Users/user/Desktop/KUL - Mstat/Big Data Platforms a
nd Technologies/report/graph/one_dim_kmeans.png  used on input line 172.
(pdftex.def)             Requested size: 241.84842pt x 159.97498pt.
<C:/Users/user/Desktop/KUL - Mstat/Big Data Platforms and Technologies/report/g
raph/one_dim_kmeans2.png, id=172, 514.8033pt x 336.5373pt>
File: C:/Users/user/Desktop/KUL - Mstat/Big Data Platforms and Technologies/rep
ort/graph/one_dim_kmeans2.png Graphic file (type png)
<use C:/Users/user/Desktop/KUL - Mstat/Big Data Platforms and Technologies/repo
rt/graph/one_dim_kmeans2.png>
Package pdftex.def Info: C:/Users/user/Desktop/KUL - Mstat/Big Data Platforms a
nd Technologies/report/graph/one_dim_kmeans2.png  used on input line 177.
(pdftex.def)             Requested size: 241.84842pt x 158.10065pt.

Underfull \hbox (badness 10000) in paragraph at lines 185--186

 []


Underfull \hbox (badness 10000) in paragraph at lines 207--208

 []

[5 <C:/Users/user/Desktop/KUL - Mstat/Big Data Platforms and Technologies/repor
t/graph/one_dim_kmeans.png> <C:/Users/user/Desktop/KUL - Mstat/Big Data Platfor
ms and Technologies/report/graph/one_dim_kmeans2.png>]
Overfull \hbox (1.40024pt too wide) in paragraph at lines 209--210
\OT1/FiraMono-TOsF/regular/n/12 er[]expert[]id\OT1/cmr/m/n/12 , \OT1/FiraMono-T
OsF/regular/n/12 third[]party[]1[]id\OT1/cmr/m/n/12 , \OT1/FiraMono-TOsF/regula
r/n/12 third[]party[]1[]vehicle[]id \OT1/cmr/m/n/12 and \OT1/FiraMono-TOsF/regu
lar/n/12 third[]party[]1[]expert[]id\OT1/cmr/m/n/12 . As
 []

[6]
<C:/Users/user/Desktop/KUL - Mstat/Big Data Platforms and Technologies/report/g
raph/class_imbal_problem.png, id=186, 433.8609pt x 222.1098pt>
File: C:/Users/user/Desktop/KUL - Mstat/Big Data Platforms and Technologies/rep
ort/graph/class_imbal_problem.png Graphic file (type png)
<use C:/Users/user/Desktop/KUL - Mstat/Big Data Platforms and Technologies/repo
rt/graph/class_imbal_problem.png>
Package pdftex.def Info: C:/Users/user/Desktop/KUL - Mstat/Big Data Platforms a
nd Technologies/report/graph/class_imbal_problem.png  used on input line 225.
(pdftex.def)             Requested size: 341.43306pt x 174.79715pt.
<C:/Users/user/Desktop/KUL - Mstat/Big Data Platforms and Technologies/report/g
raph/dist_claim_amount.png, id=187, 457.71pt x 276.5532pt>
File: C:/Users/user/Desktop/KUL - Mstat/Big Data Platforms and Technologies/rep
ort/graph/dist_claim_amount.png Graphic file (type png)
<use C:/Users/user/Desktop/KUL - Mstat/Big Data Platforms and Technologies/repo
rt/graph/dist_claim_amount.png>
Package pdftex.def Info: C:/Users/user/Desktop/KUL - Mstat/Big Data Platforms a
nd Technologies/report/graph/dist_claim_amount.png  used on input line 240.
(pdftex.def)             Requested size: 241.84842pt x 146.12518pt.
<C:/Users/user/Desktop/KUL - Mstat/Big Data Platforms and Technologies/report/g
raph/dist_claim_amount_by_fraud.png, id=188, 442.5333pt x 276.7941pt>
File: C:/Users/user/Desktop/KUL - Mstat/Big Data Platforms and Technologies/rep
ort/graph/dist_claim_amount_by_fraud.png Graphic file (type png)
<use C:/Users/user/Desktop/KUL - Mstat/Big Data Platforms and Technologies/repo
rt/graph/dist_claim_amount_by_fraud.png>
Package pdftex.def Info: C:/Users/user/Desktop/KUL - Mstat/Big Data Platforms a
nd Technologies/report/graph/dist_claim_amount_by_fraud.png  used on input line
 245.
(pdftex.def)             Requested size: 241.84842pt x 151.27002pt.
<C:/Users/user/Desktop/KUL - Mstat/Big Data Platforms and Technologies/report/g
raph/binary_barplot.png, id=189, 2168.1pt x 2529.45pt>
File: C:/Users/user/Desktop/KUL - Mstat/Big Data Platforms and Technologies/rep
ort/graph/binary_barplot.png Graphic file (type png)
<use C:/Users/user/Desktop/KUL - Mstat/Big Data Platforms and Technologies/repo
rt/graph/binary_barplot.png>
Package pdftex.def Info: C:/Users/user/Desktop/KUL - Mstat/Big Data Platforms a
nd Technologies/report/graph/binary_barplot.png  used on input line 257.
(pdftex.def)             Requested size: 569.05183pt x 711.29915pt.

Overfull \hbox (85.355pt too wide) in paragraph at lines 256--259
[][]
 []


LaTeX Warning: `h' float specifier changed to `ht'.

<C:/Users/user/Desktop/KUL - Mstat/Big Data Platforms and Technologies/report/g
raph/cont_boxplot.png, id=190, 1806.75pt x 1373.13pt>
File: C:/Users/user/Desktop/KUL - Mstat/Big Data Platforms and Technologies/rep
ort/graph/cont_boxplot.png Graphic file (type png)
<use C:/Users/user/Desktop/KUL - Mstat/Big Data Platforms and Technologies/repo
rt/graph/cont_boxplot.png>
Package pdftex.def Info: C:/Users/user/Desktop/KUL - Mstat/Big Data Platforms a
nd Technologies/report/graph/cont_boxplot.png  used on input line 264.
(pdftex.def)             Requested size: 569.06393pt x 654.40163pt.

Overfull \hbox (85.3671pt too wide) in paragraph at lines 263--266
[][]
 []


LaTeX Warning: `h' float specifier changed to `ht'.

[7

 <C:/Users/user/Desktop/KUL - Mstat/Big Data Platforms and Technologies/report/
graph/class_imbal_problem.png> <C:/Users/user/Desktop/KUL - Mstat/Big Data Plat
forms and Technologies/report/graph/dist_claim_amount.png> <C:/Users/user/Deskt
op/KUL - Mstat/Big Data Platforms and Technologies/report/graph/dist_claim_amou
nt_by_fraud.png>] [8 <C:/Users/user/Desktop/KUL - Mstat/Big Data Platforms and 
Technologies/report/graph/binary_barplot.png>] [9 <C:/Users/user/Desktop/KUL - 
Mstat/Big Data Platforms and Technologies/report/graph/cont_boxplot.png>]
Underfull \hbox (badness 10000) in paragraph at lines 270--271

 []

<C:/Users/user/Desktop/KUL - Mstat/Big Data Platforms and Technologies/report/g
raph/num_third_party_involved.png, id=212, 444.2196pt x 222.1098pt>
File: C:/Users/user/Desktop/KUL - Mstat/Big Data Platforms and Technologies/rep
ort/graph/num_third_party_involved.png Graphic file (type png)
<use C:/Users/user/Desktop/KUL - Mstat/Big Data Platforms and Technologies/repo
rt/graph/num_third_party_involved.png>
Package pdftex.def Info: C:/Users/user/Desktop/KUL - Mstat/Big Data Platforms a
nd Technologies/report/graph/num_third_party_involved.png  used on input line 2
77.
(pdftex.def)             Requested size: 290.22105pt x 145.11865pt.
<C:/Users/user/Desktop/KUL - Mstat/Big Data Platforms and Technologies/report/g
raph/num_third_party_involved_by_fraud.png, id=213, 316.7835pt x 385.9218pt>
File: C:/Users/user/Desktop/KUL - Mstat/Big Data Platforms and Technologies/rep
ort/graph/num_third_party_involved_by_fraud.png Graphic file (type png)
<use C:/Users/user/Desktop/KUL - Mstat/Big Data Platforms and Technologies/repo
rt/graph/num_third_party_involved_by_fraud.png>
Package pdftex.def Info: C:/Users/user/Desktop/KUL - Mstat/Big Data Platforms a
nd Technologies/report/graph/num_third_party_involved_by_fraud.png  used on inp
ut line 282.
(pdftex.def)             Requested size: 193.47577pt x 235.7005pt.
<C:/Users/user/Desktop/KUL - Mstat/Big Data Platforms and Technologies/report/g
raph/num_third_party_involved_by_fraud2.png, id=214, 467.5869pt x 222.3507pt>
File: C:/Users/user/Desktop/KUL - Mstat/Big Data Platforms and Technologies/rep
ort/graph/num_third_party_involved_by_fraud2.png Graphic file (type png)
<use C:/Users/user/Desktop/KUL - Mstat/Big Data Platforms and Technologies/repo
rt/graph/num_third_party_involved_by_fraud2.png>
Package pdftex.def Info: C:/Users/user/Desktop/KUL - Mstat/Big Data Platforms a
nd Technologies/report/graph/num_third_party_involved_by_fraud2.png  used on in
put line 288.
(pdftex.def)             Requested size: 338.5863pt x 161.01521pt.

Underfull \hbox (badness 10000) in paragraph at lines 295--296

 []

<C:/Users/user/Desktop/KUL - Mstat/Big Data Platforms and Technologies/report/g
raph/treemap_vehicle_brand_average_claim_amount.png, id=215, 686.565pt x 247.40
43pt>
File: C:/Users/user/Desktop/KUL - Mstat/Big Data Platforms and Technologies/rep
ort/graph/treemap_vehicle_brand_average_claim_amount.png Graphic file (type png
)
<use C:/Users/user/Desktop/KUL - Mstat/Big Data Platforms and Technologies/repo
rt/graph/treemap_vehicle_brand_average_claim_amount.png>
Package pdftex.def Info: C:/Users/user/Desktop/KUL - Mstat/Big Data Platforms a
nd Technologies/report/graph/treemap_vehicle_brand_average_claim_amount.png  us
ed on input line 299.
(pdftex.def)             Requested size: 369.88054pt x 170.72423pt.
<C:/Users/user/Desktop/KUL - Mstat/Big Data Platforms and Technologies/report/g
raph/treemap_vehicle_brand_count.png, id=216, 686.565pt x 247.4043pt>
File: C:/Users/user/Desktop/KUL - Mstat/Big Data Platforms and Technologies/rep
ort/graph/treemap_vehicle_brand_count.png Graphic file (type png)
<use C:/Users/user/Desktop/KUL - Mstat/Big Data Platforms and Technologies/repo
rt/graph/treemap_vehicle_brand_count.png>
Package pdftex.def Info: C:/Users/user/Desktop/KUL - Mstat/Big Data Platforms a
nd Technologies/report/graph/treemap_vehicle_brand_count.png  used on input lin
e 302.
(pdftex.def)             Requested size: 369.88054pt x 170.72423pt.

LaTeX Warning: `h' float specifier changed to `ht'.

[10

 <C:/Users/user/Desktop/KUL - Mstat/Big Data Platforms and Technologies/report/
graph/num_third_party_involved.png> <C:/Users/user/Desktop/KUL - Mstat/Big Data
 Platforms and Technologies/report/graph/num_third_party_involved_by_fraud.png>
 <C:/Users/user/Desktop/KUL - Mstat/Big Data Platforms and Technologies/report/
graph/num_third_party_involved_by_fraud2.png>]
Overfull \hbox (3.50995pt too wide) in paragraph at lines 310--318
[][] 
 []

<C:/Users/user/Desktop/KUL - Mstat/Big Data Platforms and Technologies/report/g
raph/violin_plt_claim_amt_by_fraud_across_causes.png, id=226, 683.4333pt x 336.
5373pt>
File: C:/Users/user/Desktop/KUL - Mstat/Big Data Platforms and Technologies/rep
ort/graph/violin_plt_claim_amt_by_fraud_across_causes.png Graphic file (type pn
g)
<use C:/Users/user/Desktop/KUL - Mstat/Big Data Platforms and Technologies/repo
rt/graph/violin_plt_claim_amt_by_fraud_across_causes.png>
Package pdftex.def Info: C:/Users/user/Desktop/KUL - Mstat/Big Data Platforms a
nd Technologies/report/graph/violin_plt_claim_amt_by_fraud_across_causes.png  u
sed on input line 326.
(pdftex.def)             Requested size: 398.35211pt x 241.84964pt.

LaTeX Warning: `h' float specifier changed to `ht'.

<C:/Users/user/Desktop/KUL - Mstat/Big Data Platforms and Technologies/report/g
raph/freq_claim_cause_across_time.png, id=227, 627.7854pt x 300.4023pt>
File: C:/Users/user/Desktop/KUL - Mstat/Big Data Platforms and Technologies/rep
ort/graph/freq_claim_cause_across_time.png Graphic file (type png)
<use C:/Users/user/Desktop/KUL - Mstat/Big Data Platforms and Technologies/repo
rt/graph/freq_claim_cause_across_time.png>
Package pdftex.def Info: C:/Users/user/Desktop/KUL - Mstat/Big Data Platforms a
nd Technologies/report/graph/freq_claim_cause_across_time.png  used on input li
ne 332.
(pdftex.def)             Requested size: 398.33276pt x 199.1737pt.

LaTeX Warning: `h' float specifier changed to `ht'.

[11 <C:/Users/user/Desktop/KUL - Mstat/Big Data Platforms and Technologies/repo
rt/graph/treemap_vehicle_brand_average_claim_amount.png> <C:/Users/user/Desktop
/KUL - Mstat/Big Data Platforms and Technologies/report/graph/treemap_vehicle_b
rand_count.png>]
<C:/Users/user/Desktop/KUL - Mstat/Big Data Platforms and Technologies/report/g
raph/info_val_claim_postal_code.png, id=236, 511.6716pt x 336.5373pt>
File: C:/Users/user/Desktop/KUL - Mstat/Big Data Platforms and Technologies/rep
ort/graph/info_val_claim_postal_code.png Graphic file (type png)
<use C:/Users/user/Desktop/KUL - Mstat/Big Data Platforms and Technologies/repo
rt/graph/info_val_claim_postal_code.png>
Package pdftex.def Info: C:/Users/user/Desktop/KUL - Mstat/Big Data Platforms a
nd Technologies/report/graph/info_val_claim_postal_code.png  used on input line
 343.
(pdftex.def)             Requested size: 241.84842pt x 159.0712pt.
LaTeX Font Info:    Font shape `OT1/FiraMono-TOsF/m/n' in size <10.95> not avai
lable
(Font)              Font shape `OT1/FiraMono-TOsF/regular/n' tried instead on i
nput line 344.
LaTeX Font Info:    Font shape `OT1/FiraMono-TOsF/regular/n' will be
(Font)              scaled to size 9.30756pt on input line 344.
<C:/Users/user/Desktop/KUL - Mstat/Big Data Platforms and Technologies/report/g
raph/info_val_driver_postal_code.png, id=237, 519.6213pt x 336.5373pt>
File: C:/Users/user/Desktop/KUL - Mstat/Big Data Platforms and Technologies/rep
ort/graph/info_val_driver_postal_code.png Graphic file (type png)
<use C:/Users/user/Desktop/KUL - Mstat/Big Data Platforms and Technologies/repo
rt/graph/info_val_driver_postal_code.png>
Package pdftex.def Info: C:/Users/user/Desktop/KUL - Mstat/Big Data Platforms a
nd Technologies/report/graph/info_val_driver_postal_code.png  used on input lin
e 349.
(pdftex.def)             Requested size: 241.84842pt x 156.63713pt.
<C:/Users/user/Desktop/KUL - Mstat/Big Data Platforms and Technologies/report/g
raph/info_val_policy_holder_postal_code.png, id=238, 518.8986pt x 336.5373pt>
File: C:/Users/user/Desktop/KUL - Mstat/Big Data Platforms and Technologies/rep
ort/graph/info_val_policy_holder_postal_code.png Graphic file (type png)
<use C:/Users/user/Desktop/KUL - Mstat/Big Data Platforms and Technologies/repo
rt/graph/info_val_policy_holder_postal_code.png>
Package pdftex.def Info: C:/Users/user/Desktop/KUL - Mstat/Big Data Platforms a
nd Technologies/report/graph/info_val_policy_holder_postal_code.png  used on in
put line 357.
(pdftex.def)             Requested size: 241.84842pt x 156.85281pt.
<C:/Users/user/Desktop/KUL - Mstat/Big Data Platforms and Technologies/report/g
raph/info_val_repair_postal_code.png, id=239, 511.6716pt x 336.5373pt>
File: C:/Users/user/Desktop/KUL - Mstat/Big Data Platforms and Technologies/rep
ort/graph/info_val_repair_postal_code.png Graphic file (type png)
<use C:/Users/user/Desktop/KUL - Mstat/Big Data Platforms and Technologies/repo
rt/graph/info_val_repair_postal_code.png>
Package pdftex.def Info: C:/Users/user/Desktop/KUL - Mstat/Big Data Platforms a
nd Technologies/report/graph/info_val_repair_postal_code.png  used on input lin
e 363.
(pdftex.def)             Requested size: 241.84842pt x 159.0712pt.
<C:/Users/user/Desktop/KUL - Mstat/Big Data Platforms and Technologies/report/g
raph/info_val_third_party_1_postal_code.png, id=240, 531.1845pt x 336.5373pt>
File: C:/Users/user/Desktop/KUL - Mstat/Big Data Platforms and Technologies/rep
ort/graph/info_val_third_party_1_postal_code.png Graphic file (type png)
<use C:/Users/user/Desktop/KUL - Mstat/Big Data Platforms and Technologies/repo
rt/graph/info_val_third_party_1_postal_code.png>
Package pdftex.def Info: C:/Users/user/Desktop/KUL - Mstat/Big Data Platforms a
nd Technologies/report/graph/info_val_third_party_1_postal_code.png  used on in
put line 371.
(pdftex.def)             Requested size: 241.84842pt x 153.2274pt.
<C:/Users/user/Desktop/KUL - Mstat/Big Data Platforms and Technologies/report/g
raph/info_val_third_party_2_postal_code.png, id=241, 511.6716pt x 336.5373pt>
File: C:/Users/user/Desktop/KUL - Mstat/Big Data Platforms and Technologies/rep
ort/graph/info_val_third_party_2_postal_code.png Graphic file (type png)
<use C:/Users/user/Desktop/KUL - Mstat/Big Data Platforms and Technologies/repo
rt/graph/info_val_third_party_2_postal_code.png>
Package pdftex.def Info: C:/Users/user/Desktop/KUL - Mstat/Big Data Platforms a
nd Technologies/report/graph/info_val_third_party_2_postal_code.png  used on in
put line 377.
(pdftex.def)             Requested size: 241.84842pt x 159.0712pt.


LaTeX Warning: `h' float specifier changed to `ht'.

[12 <C:/Users/user/Desktop/KUL - Mstat/Big Data Platforms and Technologies/repo
rt/graph/violin_plt_claim_amt_by_fraud_across_causes.png> <C:/Users/user/Deskto
p/KUL - Mstat/Big Data Platforms and Technologies/report/graph/freq_claim_cause
_across_time.png>] [13 <C:/Users/user/Desktop/KUL - Mstat/Big Data Platforms an
d Technologies/report/graph/info_val_claim_postal_code.png> <C:/Users/user/Desk
top/KUL - Mstat/Big Data Platforms and Technologies/report/graph/info_val_drive
r_postal_code.png> <C:/Users/user/Desktop/KUL - Mstat/Big Data Platforms and Te
chnologies/report/graph/info_val_policy_holder_postal_code.png> <C:/Users/user/
Desktop/KUL - Mstat/Big Data Platforms and Technologies/report/graph/info_val_r
epair_postal_code.png> <C:/Users/user/Desktop/KUL - Mstat/Big Data Platforms an
d Technologies/report/graph/info_val_third_party_1_postal_code.png> <C:/Users/u
ser/Desktop/KUL - Mstat/Big Data Platforms and Technologies/report/graph/info_v
al_third_party_2_postal_code.png>]
<C:/Users/user/Desktop/KUL - Mstat/Big Data Platforms and Technologies/report/g
raph/info_val_policy_coverage_type.png, id=263, 548.7702pt x 336.5373pt>
File: C:/Users/user/Desktop/KUL - Mstat/Big Data Platforms and Technologies/rep
ort/graph/info_val_policy_coverage_type.png Graphic file (type png)
<use C:/Users/user/Desktop/KUL - Mstat/Big Data Platforms and Technologies/repo
rt/graph/info_val_policy_coverage_type.png>
Package pdftex.def Info: C:/Users/user/Desktop/KUL - Mstat/Big Data Platforms a
nd Technologies/report/graph/info_val_policy_coverage_type.png  used on input l
ine 391.
(pdftex.def)             Requested size: 284.53316pt x 199.1715pt.

Underfull \hbox (badness 10000) in paragraph at lines 406--407

 []

<C:/Users/user/Desktop/KUL - Mstat/Big Data Platforms and Technologies/report/g
raph/corr_plot.png, id=264, 769.9164pt x 717.4002pt>
File: C:/Users/user/Desktop/KUL - Mstat/Big Data Platforms and Technologies/rep
ort/graph/corr_plot.png Graphic file (type png)
<use C:/Users/user/Desktop/KUL - Mstat/Big Data Platforms and Technologies/repo
rt/graph/corr_plot.png>
Package pdftex.def Info: C:/Users/user/Desktop/KUL - Mstat/Big Data Platforms a
nd Technologies/report/graph/corr_plot.png  used on input line 412.
(pdftex.def)             Requested size: 398.33818pt x 341.43639pt.

LaTeX Warning: `h' float specifier changed to `ht'.

[14

 <C:/Users/user/Desktop/KUL - Mstat/Big Data Platforms and Technologies/report/
graph/info_val_policy_coverage_type.png>]
Underfull \hbox (badness 10000) in paragraph at lines 417--418

 []

<C:/Users/user/Desktop/KUL - Mstat/Big Data Platforms and Technologies/report/g
raph/umap_cont_n15.png, id=271, 726.3135pt x 583.9416pt>
File: C:/Users/user/Desktop/KUL - Mstat/Big Data Platforms and Technologies/rep
ort/graph/umap_cont_n15.png Graphic file (type png)
<use C:/Users/user/Desktop/KUL - Mstat/Big Data Platforms and Technologies/repo
rt/graph/umap_cont_n15.png>
Package pdftex.def Info: C:/Users/user/Desktop/KUL - Mstat/Big Data Platforms a
nd Technologies/report/graph/umap_cont_n15.png  used on input line 441.
(pdftex.def)             Requested size: 241.84842pt x 194.43881pt.
<C:/Users/user/Desktop/KUL - Mstat/Big Data Platforms and Technologies/report/g
raph/umap_cat_n15.png, id=272, 726.3135pt x 583.9416pt>
File: C:/Users/user/Desktop/KUL - Mstat/Big Data Platforms and Technologies/rep
ort/graph/umap_cat_n15.png Graphic file (type png)
<use C:/Users/user/Desktop/KUL - Mstat/Big Data Platforms and Technologies/repo
rt/graph/umap_cat_n15.png>
Package pdftex.def Info: C:/Users/user/Desktop/KUL - Mstat/Big Data Platforms a
nd Technologies/report/graph/umap_cat_n15.png  used on input line 447.
(pdftex.def)             Requested size: 241.84842pt x 194.43881pt.
<C:/Users/user/Desktop/KUL - Mstat/Big Data Platforms and Technologies/report/g
raph/umap_cont_n30.png, id=273, 726.3135pt x 583.9416pt>
File: C:/Users/user/Desktop/KUL - Mstat/Big Data Platforms and Technologies/rep
ort/graph/umap_cont_n30.png Graphic file (type png)
<use C:/Users/user/Desktop/KUL - Mstat/Big Data Platforms and Technologies/repo
rt/graph/umap_cont_n30.png>
Package pdftex.def Info: C:/Users/user/Desktop/KUL - Mstat/Big Data Platforms a
nd Technologies/report/graph/umap_cont_n30.png  used on input line 455.
(pdftex.def)             Requested size: 241.84842pt x 194.43881pt.
<C:/Users/user/Desktop/KUL - Mstat/Big Data Platforms and Technologies/report/g
raph/umap_cat_n30.png, id=274, 726.3135pt x 583.9416pt>
File: C:/Users/user/Desktop/KUL - Mstat/Big Data Platforms and Technologies/rep
ort/graph/umap_cat_n30.png Graphic file (type png)
<use C:/Users/user/Desktop/KUL - Mstat/Big Data Platforms and Technologies/repo
rt/graph/umap_cat_n30.png>
Package pdftex.def Info: C:/Users/user/Desktop/KUL - Mstat/Big Data Platforms a
nd Technologies/report/graph/umap_cat_n30.png  used on input line 461.
(pdftex.def)             Requested size: 241.84842pt x 194.43881pt.
<C:/Users/user/Desktop/KUL - Mstat/Big Data Platforms and Technologies/report/g
raph/umap_cont_3d.png, id=275, 462.528pt x 346.1733pt>
File: C:/Users/user/Desktop/KUL - Mstat/Big Data Platforms and Technologies/rep
ort/graph/umap_cont_3d.png Graphic file (type png)
<use C:/Users/user/Desktop/KUL - Mstat/Big Data Platforms and Technologies/repo
rt/graph/umap_cont_3d.png>
Package pdftex.def Info: C:/Users/user/Desktop/KUL - Mstat/Big Data Platforms a
nd Technologies/report/graph/umap_cont_3d.png  used on input line 469.
(pdftex.def)             Requested size: 241.84842pt x 181.00948pt.
<C:/Users/user/Desktop/KUL - Mstat/Big Data Platforms and Technologies/report/g
raph/umap_cat_3d.png, id=276, 462.528pt x 346.1733pt>
File: C:/Users/user/Desktop/KUL - Mstat/Big Data Platforms and Technologies/rep
ort/graph/umap_cat_3d.png Graphic file (type png)
<use C:/Users/user/Desktop/KUL - Mstat/Big Data Platforms and Technologies/repo
rt/graph/umap_cat_3d.png>
Package pdftex.def Info: C:/Users/user/Desktop/KUL - Mstat/Big Data Platforms a
nd Technologies/report/graph/umap_cat_3d.png  used on input line 475.
(pdftex.def)             Requested size: 241.84842pt x 181.00948pt.

LaTeX Warning: Float too large for page by 16.4512pt on input line 480.


LaTeX Warning: `h' float specifier changed to `ht'.

[15 <C:/Users/user/Desktop/KUL - Mstat/Big Data Platforms and Technologies/repo
rt/graph/corr_plot.png>] [16 <C:/Users/user/Desktop/KUL - Mstat/Big Data Platfo
rms and Technologies/report/graph/umap_cont_n15.png> <C:/Users/user/Desktop/KUL
 - Mstat/Big Data Platforms and Technologies/report/graph/umap_cat_n15.png> <C:
/Users/user/Desktop/KUL - Mstat/Big Data Platforms and Technologies/report/grap
h/umap_cont_n30.png> <C:/Users/user/Desktop/KUL - Mstat/Big Data Platforms and 
Technologies/report/graph/umap_cat_n30.png> <C:/Users/user/Desktop/KUL - Mstat/
Big Data Platforms and Technologies/report/graph/umap_cont_3d.png> <C:/Users/us
er/Desktop/KUL - Mstat/Big Data Platforms and Technologies/report/graph/umap_ca
t_3d.png>]
Underfull \hbox (badness 10000) in paragraph at lines 483--484

 []

<C:/Users/user/Desktop/KUL - Mstat/Big Data Platforms and Technologies/report/g
raph/umap_cont_3d_claim_amount.png, id=299, 462.528pt x 346.1733pt>
File: C:/Users/user/Desktop/KUL - Mstat/Big Data Platforms and Technologies/rep
ort/graph/umap_cont_3d_claim_amount.png Graphic file (type png)
<use C:/Users/user/Desktop/KUL - Mstat/Big Data Platforms and Technologies/repo
rt/graph/umap_cont_3d_claim_amount.png>
Package pdftex.def Info: C:/Users/user/Desktop/KUL - Mstat/Big Data Platforms a
nd Technologies/report/graph/umap_cont_3d_claim_amount.png  used on input line 
491.
(pdftex.def)             Requested size: 241.84842pt x 181.00948pt.
<C:/Users/user/Desktop/KUL - Mstat/Big Data Platforms and Technologies/report/g
raph/umap_cat_3d_claim_amount.png, id=300, 462.528pt x 346.1733pt>
File: C:/Users/user/Desktop/KUL - Mstat/Big Data Platforms and Technologies/rep
ort/graph/umap_cat_3d_claim_amount.png Graphic file (type png)
<use C:/Users/user/Desktop/KUL - Mstat/Big Data Platforms and Technologies/repo
rt/graph/umap_cat_3d_claim_amount.png>
Package pdftex.def Info: C:/Users/user/Desktop/KUL - Mstat/Big Data Platforms a
nd Technologies/report/graph/umap_cat_3d_claim_amount.png  used on input line 4
97.
(pdftex.def)             Requested size: 241.84842pt x 181.00948pt.
<C:/Users/user/Desktop/KUL - Mstat/Big Data Platforms and Technologies/report/g
raph/umap_cont_3d_claim_amount_rotated.png, id=301, 462.528pt x 348.3414pt>
File: C:/Users/user/Desktop/KUL - Mstat/Big Data Platforms and Technologies/rep
ort/graph/umap_cont_3d_claim_amount_rotated.png Graphic file (type png)
<use C:/Users/user/Desktop/KUL - Mstat/Big Data Platforms and Technologies/repo
rt/graph/umap_cont_3d_claim_amount_rotated.png>
Package pdftex.def Info: C:/Users/user/Desktop/KUL - Mstat/Big Data Platforms a
nd Technologies/report/graph/umap_cont_3d_claim_amount_rotated.png  used on inp
ut line 505.
(pdftex.def)             Requested size: 241.84842pt x 182.14314pt.
<C:/Users/user/Desktop/KUL - Mstat/Big Data Platforms and Technologies/report/g
raph/umap_cat_3d_claim_amount_rotated.png, id=302, 462.528pt x 346.1733pt>
File: C:/Users/user/Desktop/KUL - Mstat/Big Data Platforms and Technologies/rep
ort/graph/umap_cat_3d_claim_amount_rotated.png Graphic file (type png)
<use C:/Users/user/Desktop/KUL - Mstat/Big Data Platforms and Technologies/repo
rt/graph/umap_cat_3d_claim_amount_rotated.png>
Package pdftex.def Info: C:/Users/user/Desktop/KUL - Mstat/Big Data Platforms a
nd Technologies/report/graph/umap_cat_3d_claim_amount_rotated.png  used on inpu
t line 511.
(pdftex.def)             Requested size: 241.84842pt x 181.00948pt.

Underfull \hbox (badness 10000) in paragraph at lines 521--522

 []

[17

 <C:/Users/user/Desktop/KUL - Mstat/Big Data Platforms and Technologies/report/
graph/umap_cont_3d_claim_amount.png> <C:/Users/user/Desktop/KUL - Mstat/Big Dat
a Platforms and Technologies/report/graph/umap_cat_3d_claim_amount.png> <C:/Use
rs/user/Desktop/KUL - Mstat/Big Data Platforms and Technologies/report/graph/um
ap_cont_3d_claim_amount_rotated.png> <C:/Users/user/Desktop/KUL - Mstat/Big Dat
a Platforms and Technologies/report/graph/umap_cat_3d_claim_amount_rotated.png>
]
<C:/Users/user/Desktop/KUL - Mstat/Big Data Platforms and Technologies/report/g
raph/isolation_forest_results.png, id=312, 515.0442pt x 332.6829pt>
File: C:/Users/user/Desktop/KUL - Mstat/Big Data Platforms and Technologies/rep
ort/graph/isolation_forest_results.png Graphic file (type png)
<use C:/Users/user/Desktop/KUL - Mstat/Big Data Platforms and Technologies/repo
rt/graph/isolation_forest_results.png>
Package pdftex.def Info: C:/Users/user/Desktop/KUL - Mstat/Big Data Platforms a
nd Technologies/report/graph/isolation_forest_results.png  used on input line 5
27.
(pdftex.def)             Requested size: 312.98195pt x 227.62752pt.
<C:/Users/user/Desktop/KUL - Mstat/Big Data Platforms and Technologies/report/g
raph/isolation_forest_results2.png, id=313, 490.4724pt x 223.5552pt>
File: C:/Users/user/Desktop/KUL - Mstat/Big Data Platforms and Technologies/rep
ort/graph/isolation_forest_results2.png Graphic file (type png)
<use C:/Users/user/Desktop/KUL - Mstat/Big Data Platforms and Technologies/repo
rt/graph/isolation_forest_results2.png>
Package pdftex.def Info: C:/Users/user/Desktop/KUL - Mstat/Big Data Platforms a
nd Technologies/report/graph/isolation_forest_results2.png  used on input line 
529.
(pdftex.def)             Requested size: 312.98073pt x 142.26637pt.
 [18 <C:/Users/user/Desktop/KUL - Mstat/Big Data Platforms and Technologies/rep
ort/graph/isolation_forest_results.png> <C:/Users/user/Desktop/KUL - Mstat/Big 
Data Platforms and Technologies/report/graph/isolation_forest_results2.png>]
Underfull \hbox (badness 10000) in paragraph at lines 542--543

 []


Underfull \hbox (badness 10000) in paragraph at lines 544--545

 []


Underfull \hbox (badness 10000) in paragraph at lines 546--547

 []


Underfull \hbox (badness 10000) in paragraph at lines 549--550

 []


Underfull \hbox (badness 10000) in paragraph at lines 551--552

 []

[19

] [20] [21

] [22

] [23

] (report.aux)
Package rerunfilecheck Info: File `report.out' has not changed.
(rerunfilecheck)             Checksum: 270A0F74ABD4084D2FD6CCE1EA0BF118;1429.


LaTeX Warning: There were multiply-defined labels.

 ) 
Here is how much of TeX's memory you used:
 21650 strings out of 480224
 436217 string characters out of 2880578
 688453 words of memory out of 3000000
 37701 multiletter control sequences out of 15000+200000
 542685 words of font info for 57 fonts, out of 3000000 for 9000
 1141 hyphenation exceptions out of 8191
 77i,11n,88p,1313b,653s stack positions out of 5000i,500n,10000p,200000b,50000s
 <C:\Users\user\AppData\Local\MiKTeX\fonts/pk/ljfour/jknappen/ec/dpi600\tcrm1
200.pk>{C:/Users/user/AppData/Local/Programs/MiKTeX/fonts/enc/dvips/fira/fir_35
cirm.enc}<C:/Users/user/AppData/Local/Programs/MiKTeX/fonts/type1/public/fira/F
iraMono-Regular.pfb><C:/Users/user/AppData/Local/Programs/MiKTeX/fonts/type1/pu
blic/amsfonts/cm/cmbx12.pfb><C:/Users/user/AppData/Local/Programs/MiKTeX/fonts/
type1/public/amsfonts/cm/cmmi12.pfb><C:/Users/user/AppData/Local/Programs/MiKTe
X/fonts/type1/public/amsfonts/cm/cmr10.pfb><C:/Users/user/AppData/Local/Program
s/MiKTeX/fonts/type1/public/amsfonts/cm/cmr12.pfb><C:/Users/user/AppData/Local/
Programs/MiKTeX/fonts/type1/public/amsfonts/cm/cmr17.pfb><C:/Users/user/AppData
/Local/Programs/MiKTeX/fonts/type1/public/amsfonts/cm/cmsy10.pfb><C:/Users/user
/AppData/Local/Programs/MiKTeX/fonts/type1/public/amsfonts/cm/cmti12.pfb>
Output written on report.pdf (24 pages, 5400936 bytes).
PDF statistics:
 397 PDF objects out of 1000 (max. 8388607)
 75 named destinations out of 1000 (max. 500000)
 407 words of extra memory for PDF output out of 10000 (max. 10000000)

