\BOOKMARK [1][-]{section*.2}{Assignment 1}{}% 1
\BOOKMARK [2][-]{section*.3}{Feature engineering}{section*.2}% 2
\BOOKMARK [3][-]{section*.4}{Missing values}{section*.3}% 3
\BOOKMARK [3][-]{section*.7}{Date features}{section*.3}% 4
\BOOKMARK [3][-]{section*.9}{Data quality issue}{section*.3}% 5
\BOOKMARK [3][-]{section*.11}{Data binning}{section*.3}% 6
\BOOKMARK [2][-]{section*.15}{Exploratory data analysis}{section*.2}% 7
\BOOKMARK [3][-]{section*.16}{Class imbalance problem}{section*.15}% 8
\BOOKMARK [3][-]{section*.18}{Descriptive statistics}{section*.15}% 9
\BOOKMARK [3][-]{section*.29}{Correlation plot}{section*.15}% 10
\BOOKMARK [3][-]{section*.30}{Dimension reduction}{section*.15}% 11
\BOOKMARK [3][-]{section*.34}{Outlier detection}{section*.15}% 12
\BOOKMARK [2][-]{section*.36}{Model building}{section*.2}% 13
\BOOKMARK [3][-]{section*.37}{Algorithms}{section*.36}% 14
\BOOKMARK [3][-]{section*.38}{Metrics and Grid Search}{section*.36}% 15
\BOOKMARK [3][-]{section*.39}{Probability Calibration}{section*.36}% 16
\BOOKMARK [3][-]{section*.40}{Data pipeline}{section*.36}% 17
\BOOKMARK [3][-]{section*.41}{Model Comparison}{section*.36}% 18
\BOOKMARK [2][-]{section*.42}{Interpretation}{section*.2}% 19
\BOOKMARK [2][-]{section*.43}{Reflection}{section*.2}% 20
\BOOKMARK [1][-]{section*.44}{Assignment 2}{}% 21
\BOOKMARK [1][-]{section*.45}{Assignment 3}{}% 22
\BOOKMARK [1][-]{section*.46}{Assignment 4}{}% 23
